<?xml version="1.0" encoding="UTF-8"?>
<testsuite name="com.learning.NIOFileAPITest" tests="1" skipped="0" failures="0" errors="0" timestamp="2022-04-30T07:30:17" hostname="DESKTOP-2DPSHTI" time="0.177">
  <properties/>
  <testcase name="givenPathWhenCheckedThenConfirm()" classname="com.learning.NIOFileAPITest" time="0.177"/>
  <system-out><![CDATA[]]></system-out>
  <system-err><![CDATA[]]></system-err>
</testsuite>
